<?xml version="1.0" encoding="UTF-8"?>
<!-- Generated by org.testng.reporters.JUnitReportReporter -->
<testsuite hostname="REM-LT-230102A" failures="0" tests="1" name="Training.FirstSeleniumJavaTest" time="10.337" errors="0" timestamp="2023-01-18T16:20:32 CST" skipped="0">
  <testcase classname="Training.FirstSeleniumJavaTest" name="testEasy" time="10.337"/>
  <system-out/>
</testsuite> <!-- Training.FirstSeleniumJavaTest -->
