<?xml version="1.0" encoding="UTF-8"?>
<!-- Generated by org.testng.reporters.JUnitReportReporter -->
<testsuite hostname="REM-LT-230102A" failures="0" tests="2" name="suite2.SauceDemoTest" time="2.854" errors="0" timestamp="2023-01-19T12:52:33 CST" skipped="0">
  <testcase classname="suite2.SauceDemoTest" name="open" time="2.004"/>
  <system-out/>
  <testcase classname="suite2.SauceDemoTest" name="login" time="0.850"/>
  <system-out/>
</testsuite> <!-- suite2.SauceDemoTest -->
