<?xml version="1.0" encoding="UTF-8"?>
<!-- Generated by org.testng.reporters.JUnitReportReporter -->
<testsuite hostname="REM-LT-230102A" failures="0" tests="2" name="suite1.OpenCarTest" time="1.978" errors="0" timestamp="2023-01-19T12:38:24 CST" skipped="0">
  <testcase classname="suite1.OpenCarTest" name="searchForProduct" time="0.750"/>
  <system-out/>
  <testcase classname="suite1.OpenCarTest" name="launchSite" time="1.228"/>
  <system-out/>
</testsuite> <!-- suite1.OpenCarTest -->
