<?xml version="1.0" encoding="UTF-8"?>
<!-- Generated by org.testng.reporters.JUnitReportReporter -->
<testsuite hostname="REM-LT-230102A" failures="0" tests="1" name="Training.FirstSeleniumJavaTest" time="11.737" errors="0" timestamp="2023-01-19T12:16:01 CST" skipped="0">
  <testcase classname="Training.FirstSeleniumJavaTest" name="testEasy" time="11.737"/>
  <system-out/>
</testsuite> <!-- Training.FirstSeleniumJavaTest -->
